<new-order-notification xmlns="http://checkout.google.com/schema/2" serial-number="404300784657633-00001-7">
  <timestamp>2008-09-24T07:36:42.973Z</timestamp>
  <shopping-cart>
    <items>
      <item>
        <item-name>google product</item-name>
        <item-description></item-description>
        <quantity>1</quantity>
        <unit-price currency="USD">10.0</unit-price>
        <merchant-private-item-data>buyerId=853498,pid=385,deliveryMethod=1,ref_id=300</merchant-private-item-data>
      </item>
    </items>
  </shopping-cart>
  <order-adjustment>
    <merchant-codes />
    <shipping>
      <flat-rate-shipping-adjustment>
        <shipping-name>Shipping Method</shipping-name>
        <shipping-cost currency="USD">0.0</shipping-cost>
      </flat-rate-shipping-adjustment>
    </shipping>
    <total-tax currency="USD">0.0</total-tax>
    <adjustment-total currency="USD">0.0</adjustment-total>
  </order-adjustment>
  <buyer-id>519185130563780</buyer-id>
  <promotions />
  <google-order-number>404300784657633</google-order-number>
  <buyer-shipping-address>
    <email>Jacky-bgm8b0kar41@sandbox.google.com</email>
    <company-name></company-name>
    <contact-name>Jacky</contact-name>
    <phone></phone>
    <fax></fax>
    <address1>222 Hope street NY</address1>
    <address2></address2>
    <country-code>US</country-code>
    <city>New York</city>
    <region>NY</region>
    <postal-code>10001</postal-code>
  </buyer-shipping-address>
  <buyer-billing-address>
    <email>Jacky-bgm8b0kar41@sandbox.google.com</email>
    <company-name></company-name>
    <contact-name>Jacky</contact-name>
    <phone></phone>
    <fax></fax>
    <address1>211 Hope Street NY</address1>
    <address2></address2>
    <country-code>US</country-code>
    <city>New York</city>
    <region>NY</region>
    <postal-code>10001</postal-code>
  </buyer-billing-address>
  <buyer-marketing-preferences>
    <email-allowed>true</email-allowed>
  </buyer-marketing-preferences>
  <order-total currency="USD">10.0</order-total>
  <fulfillment-order-state>NEW</fulfillment-order-state>
  <financial-order-state>REVIEWING</financial-order-state>
</new-order-notification>



Wed Sep 24 23:16:40 CST 2008:- 

Wed Sep 24 23:17:46 CST 2008:- <new-order-notification xmlns="http://checkout.google.com/schema/2" serial-number="404300784657633-00001-7">
  <timestamp>2008-09-24T07:36:42.973Z</timestamp>
  <shopping-cart>
    <items>
      <item>
        <item-name>google product</item-name>
        <item-description></item-description>
        <quantity>1</quantity>
        <unit-price currency="USD">10.0</unit-price>
        <merchant-private-item-data>buyerId=853498,pid=385,deliveryMethod=1,ref_id=300</merchant-private-item-data>
      </item>
    </items>
  </shopping-cart>
  <order-adjustment>
    <merchant-codes />
    <shipping>
      <flat-rate-shipping-adjustment>
        <shipping-name>Shipping Method</shipping-name>
        <shipping-cost currency="USD">0.0</shipping-cost>
      </flat-rate-shipping-adjustment>
    </shipping>
    <total-tax currency="USD">0.0</total-tax>
    <adjustment-total currency="USD">0.0</adjustment-total>
  </order-adjustment>
  <buyer-id>519185130563780</buyer-id>
  <promotions />
  <google-order-number>404300784657633</google-order-number>
  <buyer-shipping-address>
    <email>Jacky-bgm8b0kar41@sandbox.google.com</email>
    <company-name></company-name>
    <contact-name>Jacky</contact-name>
    <phone></phone>
    <fax></fax>
    <address1>222 Hope street NY</address1>
    <address2></address2>
    <country-code>US</country-code>
    <city>New York</city>
    <region>NY</region>
    <postal-code>10001</postal-code>
  </buyer-shipping-address>
  <buyer-billing-address>
    <email>Jacky-bgm8b0kar41@sandbox.google.com</email>
    <company-name></company-name>
    <contact-name>Jacky</contact-name>
    <phone></phone>
    <fax></fax>
    <address1>211 Hope Street NY</address1>
    <address2></address2>
    <country-code>US</country-code>
    <city>New York</city>
    <region>NY</region>
    <postal-code>10001</postal-code>
  </buyer-billing-address>
  <buyer-marketing-preferences>
    <email-allowed>true</email-allowed>
  </buyer-marketing-preferences>
  <order-total currency="USD">10.0</order-total>
  <fulfillment-order-state>NEW</fulfillment-order-state>
  <financial-order-state>REVIEWING</financial-order-state>
</new-order-notification>



Wed Sep 24 23:16:40 CST 2008:- 


Wed Sep 24 23:17:57 CST 2008:- <new-order-notification xmlns="http://checkout.google.com/schema/2" serial-number="404300784657633-00001-7">
  <timestamp>2008-09-24T07:36:42.973Z</timestamp>
  <shopping-cart>
    <items>
      <item>
        <item-name>google product</item-name>
        <item-description></item-description>
        <quantity>1</quantity>
        <unit-price currency="USD">10.0</unit-price>
        <merchant-private-item-data>buyerId=853498,pid=385,deliveryMethod=1,ref_id=300</merchant-private-item-data>
      </item>
    </items>
  </shopping-cart>
  <order-adjustment>
    <merchant-codes />
    <shipping>
      <flat-rate-shipping-adjustment>
        <shipping-name>Shipping Method</shipping-name>
        <shipping-cost currency="USD">0.0</shipping-cost>
      </flat-rate-shipping-adjustment>
    </shipping>
    <total-tax currency="USD">0.0</total-tax>
    <adjustment-total currency="USD">0.0</adjustment-total>
  </order-adjustment>
  <buyer-id>519185130563780</buyer-id>
  <promotions />
  <google-order-number>404300784657633</google-order-number>
  <buyer-shipping-address>
    <email>Jacky-bgm8b0kar41@sandbox.google.com</email>
    <company-name></company-name>
    <contact-name>Jacky</contact-name>
    <phone></phone>
    <fax></fax>
    <address1>222 Hope street NY</address1>
    <address2></address2>
    <country-code>US</country-code>
    <city>New York</city>
    <region>NY</region>
    <postal-code>10001</postal-code>
  </buyer-shipping-address>
  <buyer-billing-address>
    <email>Jacky-bgm8b0kar41@sandbox.google.com</email>
    <company-name></company-name>
    <contact-name>Jacky</contact-name>
    <phone></phone>
    <fax></fax>
    <address1>211 Hope Street NY</address1>
    <address2></address2>
    <country-code>US</country-code>
    <city>New York</city>
    <region>NY</region>
    <postal-code>10001</postal-code>
  </buyer-billing-address>
  <buyer-marketing-preferences>
    <email-allowed>true</email-allowed>
  </buyer-marketing-preferences>
  <order-total currency="USD">10.0</order-total>
  <fulfillment-order-state>NEW</fulfillment-order-state>
  <financial-order-state>REVIEWING</financial-order-state>
</new-order-notification>



Wed Sep 24 23:16:40 CST 2008:- 

Wed Sep 24 23:17:46 CST 2008:- <new-order-notification xmlns="http://checkout.google.com/schema/2" serial-number="404300784657633-00001-7">
  <timestamp>2008-09-24T07:36:42.973Z</timestamp>
  <shopping-cart>
    <items>
      <item>
        <item-name>google product</item-name>
        <item-description></item-description>
        <quantity>1</quantity>
        <unit-price currency="USD">10.0</unit-price>
        <merchant-private-item-data>buyerId=853498,pid=385,deliveryMethod=1,ref_id=300</merchant-private-item-data>
      </item>
    </items>
  </shopping-cart>
  <order-adjustment>
    <merchant-codes />
    <shipping>
      <flat-rate-shipping-adjustment>
        <shipping-name>Shipping Method</shipping-name>
        <shipping-cost currency="USD">0.0</shipping-cost>
      </flat-rate-shipping-adjustment>
    </shipping>
    <total-tax currency="USD">0.0</total-tax>
    <adjustment-total currency="USD">0.0</adjustment-total>
  </order-adjustment>
  <buyer-id>519185130563780</buyer-id>
  <promotions />
  <google-order-number>404300784657633</google-order-number>
  <buyer-shipping-address>
    <email>Jacky-bgm8b0kar41@sandbox.google.com</email>
    <company-name></company-name>
    <contact-name>Jacky</contact-name>
    <phone></phone>
    <fax></fax>
    <address1>222 Hope street NY</address1>
    <address2></address2>
    <country-code>US</country-code>
    <city>New York</city>
    <region>NY</region>
    <postal-code>10001</postal-code>
  </buyer-shipping-address>
  <buyer-billing-address>
    <email>Jacky-bgm8b0kar41@sandbox.google.com</email>
    <company-name></company-name>
    <contact-name>Jacky</contact-name>
    <phone></phone>
    <fax></fax>
    <address1>211 Hope Street NY</address1>
    <address2></address2>
    <country-code>US</country-code>
    <city>New York</city>
    <region>NY</region>
    <postal-code>10001</postal-code>
  </buyer-billing-address>
  <buyer-marketing-preferences>
    <email-allowed>true</email-allowed>
  </buyer-marketing-preferences>
  <order-total currency="USD">10.0</order-total>
  <fulfillment-order-state>NEW</fulfillment-order-state>
  <financial-order-state>REVIEWING</financial-order-state>
</new-order-notification>



Wed Sep 24 23:16:40 CST 2008:- 



Wed Sep 24 23:18:04 CST 2008:- <new-order-notification xmlns="http://checkout.google.com/schema/2" serial-number="404300784657633-00001-7">
  <timestamp>2008-09-24T07:36:42.973Z</timestamp>
  <shopping-cart>
    <items>
      <item>
        <item-name>google product</item-name>
        <item-description></item-description>
        <quantity>1</quantity>
        <unit-price currency="USD">10.0</unit-price>
        <merchant-private-item-data>buyerId=853498,pid=385,deliveryMethod=1,ref_id=300</merchant-private-item-data>
      </item>
    </items>
  </shopping-cart>
  <order-adjustment>
    <merchant-codes />
    <shipping>
      <flat-rate-shipping-adjustment>
        <shipping-name>Shipping Method</shipping-name>
        <shipping-cost currency="USD">0.0</shipping-cost>
      </flat-rate-shipping-adjustment>
    </shipping>
    <total-tax currency="USD">0.0</total-tax>
    <adjustment-total currency="USD">0.0</adjustment-total>
  </order-adjustment>
  <buyer-id>519185130563780</buyer-id>
  <promotions />
  <google-order-number>404300784657633</google-order-number>
  <buyer-shipping-address>
    <email>Jacky-bgm8b0kar41@sandbox.google.com</email>
    <company-name></company-name>
    <contact-name>Jacky</contact-name>
    <phone></phone>
    <fax></fax>
    <address1>222 Hope street NY</address1>
    <address2></address2>
    <country-code>US</country-code>
    <city>New York</city>
    <region>NY</region>
    <postal-code>10001</postal-code>
  </buyer-shipping-address>
  <buyer-billing-address>
    <email>Jacky-bgm8b0kar41@sandbox.google.com</email>
    <company-name></company-name>
    <contact-name>Jacky</contact-name>
    <phone></phone>
    <fax></fax>
    <address1>211 Hope Street NY</address1>
    <address2></address2>
    <country-code>US</country-code>
    <city>New York</city>
    <region>NY</region>
    <postal-code>10001</postal-code>
  </buyer-billing-address>
  <buyer-marketing-preferences>
    <email-allowed>true</email-allowed>
  </buyer-marketing-preferences>
  <order-total currency="USD">10.0</order-total>
  <fulfillment-order-state>NEW</fulfillment-order-state>
  <financial-order-state>REVIEWING</financial-order-state>
</new-order-notification>



Wed Sep 24 23:16:40 CST 2008:- 

Wed Sep 24 23:17:46 CST 2008:- <new-order-notification xmlns="http://checkout.google.com/schema/2" serial-number="404300784657633-00001-7">
  <timestamp>2008-09-24T07:36:42.973Z</timestamp>
  <shopping-cart>
    <items>
      <item>
        <item-name>google product</item-name>
        <item-description></item-description>
        <quantity>1</quantity>
        <unit-price currency="USD">10.0</unit-price>
        <merchant-private-item-data>buyerId=853498,pid=385,deliveryMethod=1,ref_id=300</merchant-private-item-data>
      </item>
    </items>
  </shopping-cart>
  <order-adjustment>
    <merchant-codes />
    <shipping>
      <flat-rate-shipping-adjustment>
        <shipping-name>Shipping Method</shipping-name>
        <shipping-cost currency="USD">0.0</shipping-cost>
      </flat-rate-shipping-adjustment>
    </shipping>
    <total-tax currency="USD">0.0</total-tax>
    <adjustment-total currency="USD">0.0</adjustment-total>
  </order-adjustment>
  <buyer-id>519185130563780</buyer-id>
  <promotions />
  <google-order-number>404300784657633</google-order-number>
  <buyer-shipping-address>
    <email>Jacky-bgm8b0kar41@sandbox.google.com</email>
    <company-name></company-name>
    <contact-name>Jacky</contact-name>
    <phone></phone>
    <fax></fax>
    <address1>222 Hope street NY</address1>
    <address2></address2>
    <country-code>US</country-code>
    <city>New York</city>
    <region>NY</region>
    <postal-code>10001</postal-code>
  </buyer-shipping-address>
  <buyer-billing-address>
    <email>Jacky-bgm8b0kar41@sandbox.google.com</email>
    <company-name></company-name>
    <contact-name>Jacky</contact-name>
    <phone></phone>
    <fax></fax>
    <address1>211 Hope Street NY</address1>
    <address2></address2>
    <country-code>US</country-code>
    <city>New York</city>
    <region>NY</region>
    <postal-code>10001</postal-code>
  </buyer-billing-address>
  <buyer-marketing-preferences>
    <email-allowed>true</email-allowed>
  </buyer-marketing-preferences>
  <order-total currency="USD">10.0</order-total>
  <fulfillment-order-state>NEW</fulfillment-order-state>
  <financial-order-state>REVIEWING</financial-order-state>
</new-order-notification>



Wed Sep 24 23:16:40 CST 2008:- 


Wed Sep 24 23:17:57 CST 2008:- <new-order-notification xmlns="http://checkout.google.com/schema/2" serial-number="404300784657633-00001-7">
  <timestamp>2008-09-24T07:36:42.973Z</timestamp>
  <shopping-cart>
    <items>
      <item>
        <item-name>google product</item-name>
        <item-description></item-description>
        <quantity>1</quantity>
        <unit-price currency="USD">10.0</unit-price>
        <merchant-private-item-data>buyerId=853498,pid=385,deliveryMethod=1,ref_id=300</merchant-private-item-data>
      </item>
    </items>
  </shopping-cart>
  <order-adjustment>
    <merchant-codes />
    <shipping>
      <flat-rate-shipping-adjustment>
        <shipping-name>Shipping Method</shipping-name>
        <shipping-cost currency="USD">0.0</shipping-cost>
      </flat-rate-shipping-adjustment>
    </shipping>
    <total-tax currency="USD">0.0</total-tax>
    <adjustment-total currency="USD">0.0</adjustment-total>
  </order-adjustment>
  <buyer-id>519185130563780</buyer-id>
  <promotions />
  <google-order-number>404300784657633</google-order-number>
  <buyer-shipping-address>
    <email>Jacky-bgm8b0kar41@sandbox.google.com</email>
    <company-name></company-name>
    <contact-name>Jacky</contact-name>
    <phone></phone>
    <fax></fax>
    <address1>222 Hope street NY</address1>
    <address2></address2>
    <country-code>US</country-code>
    <city>New York</city>
    <region>NY</region>
    <postal-code>10001</postal-code>
  </buyer-shipping-address>
  <buyer-billing-address>
    <email>Jacky-bgm8b0kar41@sandbox.google.com</email>
    <company-name></company-name>
    <contact-name>Jacky</contact-name>
    <phone></phone>
    <fax></fax>
    <address1>211 Hope Street NY</address1>
    <address2></address2>
    <country-code>US</country-code>
    <city>New York</city>
    <region>NY</region>
    <postal-code>10001</postal-code>
  </buyer-billing-address>
  <buyer-marketing-preferences>
    <email-allowed>true</email-allowed>
  </buyer-marketing-preferences>
  <order-total currency="USD">10.0</order-total>
  <fulfillment-order-state>NEW</fulfillment-order-state>
  <financial-order-state>REVIEWING</financial-order-state>
</new-order-notification>



Wed Sep 24 23:16:40 CST 2008:- 

Wed Sep 24 23:17:46 CST 2008:- <new-order-notification xmlns="http://checkout.google.com/schema/2" serial-number="404300784657633-00001-7">
  <timestamp>2008-09-24T07:36:42.973Z</timestamp>
  <shopping-cart>
    <items>
      <item>
        <item-name>google product</item-name>
        <item-description></item-description>
        <quantity>1</quantity>
        <unit-price currency="USD">10.0</unit-price>
        <merchant-private-item-data>buyerId=853498,pid=385,deliveryMethod=1,ref_id=300</merchant-private-item-data>
      </item>
    </items>
  </shopping-cart>
  <order-adjustment>
    <merchant-codes />
    <shipping>
      <flat-rate-shipping-adjustment>
        <shipping-name>Shipping Method</shipping-name>
        <shipping-cost currency="USD">0.0</shipping-cost>
      </flat-rate-shipping-adjustment>
    </shipping>
    <total-tax currency="USD">0.0</total-tax>
    <adjustment-total currency="USD">0.0</adjustment-total>
  </order-adjustment>
  <buyer-id>519185130563780</buyer-id>
  <promotions />
  <google-order-number>404300784657633</google-order-number>
  <buyer-shipping-address>
    <email>Jacky-bgm8b0kar41@sandbox.google.com</email>
    <company-name></company-name>
    <contact-name>Jacky</contact-name>
    <phone></phone>
    <fax></fax>
    <address1>222 Hope street NY</address1>
    <address2></address2>
    <country-code>US</country-code>
    <city>New York</city>
    <region>NY</region>
    <postal-code>10001</postal-code>
  </buyer-shipping-address>
  <buyer-billing-address>
    <email>Jacky-bgm8b0kar41@sandbox.google.com</email>
    <company-name></company-name>
    <contact-name>Jacky</contact-name>
    <phone></phone>
    <fax></fax>
    <address1>211 Hope Street NY</address1>
    <address2></address2>
    <country-code>US</country-code>
    <city>New York</city>
    <region>NY</region>
    <postal-code>10001</postal-code>
  </buyer-billing-address>
  <buyer-marketing-preferences>
    <email-allowed>true</email-allowed>
  </buyer-marketing-preferences>
  <order-total currency="USD">10.0</order-total>
  <fulfillment-order-state>NEW</fulfillment-order-state>
  <financial-order-state>REVIEWING</financial-order-state>
</new-order-notification>



Wed Sep 24 23:16:40 CST 2008:- 




Wed Sep 24 23:18:05 CST 2008:- <new-order-notification xmlns="http://checkout.google.com/schema/2" serial-number="404300784657633-00001-7">
  <timestamp>2008-09-24T07:36:42.973Z</timestamp>
  <shopping-cart>
    <items>
      <item>
        <item-name>google product</item-name>
        <item-description></item-description>
        <quantity>1</quantity>
        <unit-price currency="USD">10.0</unit-price>
        <merchant-private-item-data>buyerId=853498,pid=385,deliveryMethod=1,ref_id=300</merchant-private-item-data>
      </item>
    </items>
  </shopping-cart>
  <order-adjustment>
    <merchant-codes />
    <shipping>
      <flat-rate-shipping-adjustment>
        <shipping-name>Shipping Method</shipping-name>
        <shipping-cost currency="USD">0.0</shipping-cost>
      </flat-rate-shipping-adjustment>
    </shipping>
    <total-tax currency="USD">0.0</total-tax>
    <adjustment-total currency="USD">0.0</adjustment-total>
  </order-adjustment>
  <buyer-id>519185130563780</buyer-id>
  <promotions />
  <google-order-number>404300784657633</google-order-number>
  <buyer-shipping-address>
    <email>Jacky-bgm8b0kar41@sandbox.google.com</email>
    <company-name></company-name>
    <contact-name>Jacky</contact-name>
    <phone></phone>
    <fax></fax>
    <address1>222 Hope street NY</address1>
    <address2></address2>
    <country-code>US</country-code>
    <city>New York</city>
    <region>NY</region>
    <postal-code>10001</postal-code>
  </buyer-shipping-address>
  <buyer-billing-address>
    <email>Jacky-bgm8b0kar41@sandbox.google.com</email>
    <company-name></company-name>
    <contact-name>Jacky</contact-name>
    <phone></phone>
    <fax></fax>
    <address1>211 Hope Street NY</address1>
    <address2></address2>
    <country-code>US</country-code>
    <city>New York</city>
    <region>NY</region>
    <postal-code>10001</postal-code>
  </buyer-billing-address>
  <buyer-marketing-preferences>
    <email-allowed>true</email-allowed>
  </buyer-marketing-preferences>
  <order-total currency="USD">10.0</order-total>
  <fulfillment-order-state>NEW</fulfillment-order-state>
  <financial-order-state>REVIEWING</financial-order-state>
</new-order-notification>



Wed Sep 24 23:16:40 CST 2008:- 

Wed Sep 24 23:17:46 CST 2008:- <new-order-notification xmlns="http://checkout.google.com/schema/2" serial-number="404300784657633-00001-7">
  <timestamp>2008-09-24T07:36:42.973Z</timestamp>
  <shopping-cart>
    <items>
      <item>
        <item-name>google product</item-name>
        <item-description></item-description>
        <quantity>1</quantity>
        <unit-price currency="USD">10.0</unit-price>
        <merchant-private-item-data>buyerId=853498,pid=385,deliveryMethod=1,ref_id=300</merchant-private-item-data>
      </item>
    </items>
  </shopping-cart>
  <order-adjustment>
    <merchant-codes />
    <shipping>
      <flat-rate-shipping-adjustment>
        <shipping-name>Shipping Method</shipping-name>
        <shipping-cost currency="USD">0.0</shipping-cost>
      </flat-rate-shipping-adjustment>
    </shipping>
    <total-tax currency="USD">0.0</total-tax>
    <adjustment-total currency="USD">0.0</adjustment-total>
  </order-adjustment>
  <buyer-id>519185130563780</buyer-id>
  <promotions />
  <google-order-number>404300784657633</google-order-number>
  <buyer-shipping-address>
    <email>Jacky-bgm8b0kar41@sandbox.google.com</email>
    <company-name></company-name>
    <contact-name>Jacky</contact-name>
    <phone></phone>
    <fax></fax>
    <address1>222 Hope street NY</address1>
    <address2></address2>
    <country-code>US</country-code>
    <city>New York</city>
    <region>NY</region>
    <postal-code>10001</postal-code>
  </buyer-shipping-address>
  <buyer-billing-address>
    <email>Jacky-bgm8b0kar41@sandbox.google.com</email>
    <company-name></company-name>
    <contact-name>Jacky</contact-name>
    <phone></phone>
    <fax></fax>
    <address1>211 Hope Street NY</address1>
    <address2></address2>
    <country-code>US</country-code>
    <city>New York</city>
    <region>NY</region>
    <postal-code>10001</postal-code>
  </buyer-billing-address>
  <buyer-marketing-preferences>
    <email-allowed>true</email-allowed>
  </buyer-marketing-preferences>
  <order-total currency="USD">10.0</order-total>
  <fulfillment-order-state>NEW</fulfillment-order-state>
  <financial-order-state>REVIEWING</financial-order-state>
</new-order-notification>



Wed Sep 24 23:16:40 CST 2008:- 


Wed Sep 24 23:17:57 CST 2008:- <new-order-notification xmlns="http://checkout.google.com/schema/2" serial-number="404300784657633-00001-7">
  <timestamp>2008-09-24T07:36:42.973Z</timestamp>
  <shopping-cart>
    <items>
      <item>
        <item-name>google product</item-name>
        <item-description></item-description>
        <quantity>1</quantity>
        <unit-price currency="USD">10.0</unit-price>
        <merchant-private-item-data>buyerId=853498,pid=385,deliveryMethod=1,ref_id=300</merchant-private-item-data>
      </item>
    </items>
  </shopping-cart>
  <order-adjustment>
    <merchant-codes />
    <shipping>
      <flat-rate-shipping-adjustment>
        <shipping-name>Shipping Method</shipping-name>
        <shipping-cost currency="USD">0.0</shipping-cost>
      </flat-rate-shipping-adjustment>
    </shipping>
    <total-tax currency="USD">0.0</total-tax>
    <adjustment-total currency="USD">0.0</adjustment-total>
  </order-adjustment>
  <buyer-id>519185130563780</buyer-id>
  <promotions />
  <google-order-number>404300784657633</google-order-number>
  <buyer-shipping-address>
    <email>Jacky-bgm8b0kar41@sandbox.google.com</email>
    <company-name></company-name>
    <contact-name>Jacky</contact-name>
    <phone></phone>
    <fax></fax>
    <address1>222 Hope street NY</address1>
    <address2></address2>
    <country-code>US</country-code>
    <city>New York</city>
    <region>NY</region>
    <postal-code>10001</postal-code>
  </buyer-shipping-address>
  <buyer-billing-address>
    <email>Jacky-bgm8b0kar41@sandbox.google.com</email>
    <company-name></company-name>
    <contact-name>Jacky</contact-name>
    <phone></phone>
    <fax></fax>
    <address1>211 Hope Street NY</address1>
    <address2></address2>
    <country-code>US</country-code>
    <city>New York</city>
    <region>NY</region>
    <postal-code>10001</postal-code>
  </buyer-billing-address>
  <buyer-marketing-preferences>
    <email-allowed>true</email-allowed>
  </buyer-marketing-preferences>
  <order-total currency="USD">10.0</order-total>
  <fulfillment-order-state>NEW</fulfillment-order-state>
  <financial-order-state>REVIEWING</financial-order-state>
</new-order-notification>



Wed Sep 24 23:16:40 CST 2008:- 

Wed Sep 24 23:17:46 CST 2008:- <new-order-notification xmlns="http://checkout.google.com/schema/2" serial-number="404300784657633-00001-7">
  <timestamp>2008-09-24T07:36:42.973Z</timestamp>
  <shopping-cart>
    <items>
      <item>
        <item-name>google product</item-name>
        <item-description></item-description>
        <quantity>1</quantity>
        <unit-price currency="USD">10.0</unit-price>
        <merchant-private-item-data>buyerId=853498,pid=385,deliveryMethod=1,ref_id=300</merchant-private-item-data>
      </item>
    </items>
  </shopping-cart>
  <order-adjustment>
    <merchant-codes />
    <shipping>
      <flat-rate-shipping-adjustment>
        <shipping-name>Shipping Method</shipping-name>
        <shipping-cost currency="USD">0.0</shipping-cost>
      </flat-rate-shipping-adjustment>
    </shipping>
    <total-tax currency="USD">0.0</total-tax>
    <adjustment-total currency="USD">0.0</adjustment-total>
  </order-adjustment>
  <buyer-id>519185130563780</buyer-id>
  <promotions />
  <google-order-number>404300784657633</google-order-number>
  <buyer-shipping-address>
    <email>Jacky-bgm8b0kar41@sandbox.google.com</email>
    <company-name></company-name>
    <contact-name>Jacky</contact-name>
    <phone></phone>
    <fax></fax>
    <address1>222 Hope street NY</address1>
    <address2></address2>
    <country-code>US</country-code>
    <city>New York</city>
    <region>NY</region>
    <postal-code>10001</postal-code>
  </buyer-shipping-address>
  <buyer-billing-address>
    <email>Jacky-bgm8b0kar41@sandbox.google.com</email>
    <company-name></company-name>
    <contact-name>Jacky</contact-name>
    <phone></phone>
    <fax></fax>
    <address1>211 Hope Street NY</address1>
    <address2></address2>
    <country-code>US</country-code>
    <city>New York</city>
    <region>NY</region>
    <postal-code>10001</postal-code>
  </buyer-billing-address>
  <buyer-marketing-preferences>
    <email-allowed>true</email-allowed>
  </buyer-marketing-preferences>
  <order-total currency="USD">10.0</order-total>
  <fulfillment-order-state>NEW</fulfillment-order-state>
  <financial-order-state>REVIEWING</financial-order-state>
</new-order-notification>



Wed Sep 24 23:16:40 CST 2008:- 



Wed Sep 24 23:18:04 CST 2008:- <new-order-notification xmlns="http://checkout.google.com/schema/2" serial-number="404300784657633-00001-7">
  <timestamp>2008-09-24T07:36:42.973Z</timestamp>
  <shopping-cart>
    <items>
      <item>
        <item-name>google product</item-name>
        <item-description></item-description>
        <quantity>1</quantity>
        <unit-price currency="USD">10.0</unit-price>
        <merchant-private-item-data>buyerId=853498,pid=385,deliveryMethod=1,ref_id=300</merchant-private-item-data>
      </item>
    </items>
  </shopping-cart>
  <order-adjustment>
    <merchant-codes />
    <shipping>
      <flat-rate-shipping-adjustment>
        <shipping-name>Shipping Method</shipping-name>
        <shipping-cost currency="USD">0.0</shipping-cost>
      </flat-rate-shipping-adjustment>
    </shipping>
    <total-tax currency="USD">0.0</total-tax>
    <adjustment-total currency="USD">0.0</adjustment-total>
  </order-adjustment>
  <buyer-id>519185130563780</buyer-id>
  <promotions />
  <google-order-number>404300784657633</google-order-number>
  <buyer-shipping-address>
    <email>Jacky-bgm8b0kar41@sandbox.google.com</email>
    <company-name></company-name>
    <contact-name>Jacky</contact-name>
    <phone></phone>
    <fax></fax>
    <address1>222 Hope street NY</address1>
    <address2></address2>
    <country-code>US</country-code>
    <city>New York</city>
    <region>NY</region>
    <postal-code>10001</postal-code>
  </buyer-shipping-address>
  <buyer-billing-address>
    <email>Jacky-bgm8b0kar41@sandbox.google.com</email>
    <company-name></company-name>
    <contact-name>Jacky</contact-name>
    <phone></phone>
    <fax></fax>
    <address1>211 Hope Street NY</address1>
    <address2></address2>
    <country-code>US</country-code>
    <city>New York</city>
    <region>NY</region>
    <postal-code>10001</postal-code>
  </buyer-billing-address>
  <buyer-marketing-preferences>
    <email-allowed>true</email-allowed>
  </buyer-marketing-preferences>
  <order-total currency="USD">10.0</order-total>
  <fulfillment-order-state>NEW</fulfillment-order-state>
  <financial-order-state>REVIEWING</financial-order-state>
</new-order-notification>



Wed Sep 24 23:16:40 CST 2008:- 

Wed Sep 24 23:17:46 CST 2008:- <new-order-notification xmlns="http://checkout.google.com/schema/2" serial-number="404300784657633-00001-7">
  <timestamp>2008-09-24T07:36:42.973Z</timestamp>
  <shopping-cart>
    <items>
      <item>
        <item-name>google product</item-name>
        <item-description></item-description>
        <quantity>1</quantity>
        <unit-price currency="USD">10.0</unit-price>
        <merchant-private-item-data>buyerId=853498,pid=385,deliveryMethod=1,ref_id=300</merchant-private-item-data>
      </item>
    </items>
  </shopping-cart>
  <order-adjustment>
    <merchant-codes />
    <shipping>
      <flat-rate-shipping-adjustment>
        <shipping-name>Shipping Method</shipping-name>
        <shipping-cost currency="USD">0.0</shipping-cost>
      </flat-rate-shipping-adjustment>
    </shipping>
    <total-tax currency="USD">0.0</total-tax>
    <adjustment-total currency="USD">0.0</adjustment-total>
  </order-adjustment>
  <buyer-id>519185130563780</buyer-id>
  <promotions />
  <google-order-number>404300784657633</google-order-number>
  <buyer-shipping-address>
    <email>Jacky-bgm8b0kar41@sandbox.google.com</email>
    <company-name></company-name>
    <contact-name>Jacky</contact-name>
    <phone></phone>
    <fax></fax>
    <address1>222 Hope street NY</address1>
    <address2></address2>
    <country-code>US</country-code>
    <city>New York</city>
    <region>NY</region>
    <postal-code>10001</postal-code>
  </buyer-shipping-address>
  <buyer-billing-address>
    <email>Jacky-bgm8b0kar41@sandbox.google.com</email>
    <company-name></company-name>
    <contact-name>Jacky</contact-name>
    <phone></phone>
    <fax></fax>
    <address1>211 Hope Street NY</address1>
    <address2></address2>
    <country-code>US</country-code>
    <city>New York</city>
    <region>NY</region>
    <postal-code>10001</postal-code>
  </buyer-billing-address>
  <buyer-marketing-preferences>
    <email-allowed>true</email-allowed>
  </buyer-marketing-preferences>
  <order-total currency="USD">10.0</order-total>
  <fulfillment-order-state>NEW</fulfillment-order-state>
  <financial-order-state>REVIEWING</financial-order-state>
</new-order-notification>



Wed Sep 24 23:16:40 CST 2008:- 


Wed Sep 24 23:17:57 CST 2008:- <new-order-notification xmlns="http://checkout.google.com/schema/2" serial-number="404300784657633-00001-7">
  <timestamp>2008-09-24T07:36:42.973Z</timestamp>
  <shopping-cart>
    <items>
      <item>
        <item-name>google product</item-name>
        <item-description></item-description>
        <quantity>1</quantity>
        <unit-price currency="USD">10.0</unit-price>
        <merchant-private-item-data>buyerId=853498,pid=385,deliveryMethod=1,ref_id=300</merchant-private-item-data>
      </item>
    </items>
  </shopping-cart>
  <order-adjustment>
    <merchant-codes />
    <shipping>
      <flat-rate-shipping-adjustment>
        <shipping-name>Shipping Method</shipping-name>
        <shipping-cost currency="USD">0.0</shipping-cost>
      </flat-rate-shipping-adjustment>
    </shipping>
    <total-tax currency="USD">0.0</total-tax>
    <adjustment-total currency="USD">0.0</adjustment-total>
  </order-adjustment>
  <buyer-id>519185130563780</buyer-id>
  <promotions />
  <google-order-number>404300784657633</google-order-number>
  <buyer-shipping-address>
    <email>Jacky-bgm8b0kar41@sandbox.google.com</email>
    <company-name></company-name>
    <contact-name>Jacky</contact-name>
    <phone></phone>
    <fax></fax>
    <address1>222 Hope street NY</address1>
    <address2></address2>
    <country-code>US</country-code>
    <city>New York</city>
    <region>NY</region>
    <postal-code>10001</postal-code>
  </buyer-shipping-address>
  <buyer-billing-address>
    <email>Jacky-bgm8b0kar41@sandbox.google.com</email>
    <company-name></company-name>
    <contact-name>Jacky</contact-name>
    <phone></phone>
    <fax></fax>
    <address1>211 Hope Street NY</address1>
    <address2></address2>
    <country-code>US</country-code>
    <city>New York</city>
    <region>NY</region>
    <postal-code>10001</postal-code>
  </buyer-billing-address>
  <buyer-marketing-preferences>
    <email-allowed>true</email-allowed>
  </buyer-marketing-preferences>
  <order-total currency="USD">10.0</order-total>
  <fulfillment-order-state>NEW</fulfillment-order-state>
  <financial-order-state>REVIEWING</financial-order-state>
</new-order-notification>



Wed Sep 24 23:16:40 CST 2008:- 

Wed Sep 24 23:17:46 CST 2008:- <new-order-notification xmlns="http://checkout.google.com/schema/2" serial-number="404300784657633-00001-7">
  <timestamp>2008-09-24T07:36:42.973Z</timestamp>
  <shopping-cart>
    <items>
      <item>
        <item-name>google product</item-name>
        <item-description></item-description>
        <quantity>1</quantity>
        <unit-price currency="USD">10.0</unit-price>
        <merchant-private-item-data>buyerId=853498,pid=385,deliveryMethod=1,ref_id=300</merchant-private-item-data>
      </item>
    </items>
  </shopping-cart>
  <order-adjustment>
    <merchant-codes />
    <shipping>
      <flat-rate-shipping-adjustment>
        <shipping-name>Shipping Method</shipping-name>
        <shipping-cost currency="USD">0.0</shipping-cost>
      </flat-rate-shipping-adjustment>
    </shipping>
    <total-tax currency="USD">0.0</total-tax>
    <adjustment-total currency="USD">0.0</adjustment-total>
  </order-adjustment>
  <buyer-id>519185130563780</buyer-id>
  <promotions />
  <google-order-number>404300784657633</google-order-number>
  <buyer-shipping-address>
    <email>Jacky-bgm8b0kar41@sandbox.google.com</email>
    <company-name></company-name>
    <contact-name>Jacky</contact-name>
    <phone></phone>
    <fax></fax>
    <address1>222 Hope street NY</address1>
    <address2></address2>
    <country-code>US</country-code>
    <city>New York</city>
    <region>NY</region>
    <postal-code>10001</postal-code>
  </buyer-shipping-address>
  <buyer-billing-address>
    <email>Jacky-bgm8b0kar41@sandbox.google.com</email>
    <company-name></company-name>
    <contact-name>Jacky</contact-name>
    <phone></phone>
    <fax></fax>
    <address1>211 Hope Street NY</address1>
    <address2></address2>
    <country-code>US</country-code>
    <city>New York</city>
    <region>NY</region>
    <postal-code>10001</postal-code>
  </buyer-billing-address>
  <buyer-marketing-preferences>
    <email-allowed>true</email-allowed>
  </buyer-marketing-preferences>
  <order-total currency="USD">10.0</order-total>
  <fulfillment-order-state>NEW</fulfillment-order-state>
  <financial-order-state>REVIEWING</financial-order-state>
</new-order-notification>



Wed Sep 24 23:16:40 CST 2008:- 





Wed Sep 24 23:18:15 CST 2008:- <new-order-notification xmlns="http://checkout.google.com/schema/2" serial-number="404300784657633-00001-7">
  <timestamp>2008-09-24T07:36:42.973Z</timestamp>
  <shopping-cart>
    <items>
      <item>
        <item-name>google product</item-name>
        <item-description></item-description>
        <quantity>1</quantity>
        <unit-price currency="USD">10.0</unit-price>
        <merchant-private-item-data>buyerId=853498,pid=385,deliveryMethod=1,ref_id=300</merchant-private-item-data>
      </item>
    </items>
  </shopping-cart>
  <order-adjustment>
    <merchant-codes />
    <shipping>
      <flat-rate-shipping-adjustment>
        <shipping-name>Shipping Method</shipping-name>
        <shipping-cost currency="USD">0.0</shipping-cost>
      </flat-rate-shipping-adjustment>
    </shipping>
    <total-tax currency="USD">0.0</total-tax>
    <adjustment-total currency="USD">0.0</adjustment-total>
  </order-adjustment>
  <buyer-id>519185130563780</buyer-id>
  <promotions />
  <google-order-number>404300784657633</google-order-number>
  <buyer-shipping-address>
    <email>Jacky-bgm8b0kar41@sandbox.google.com</email>
    <company-name></company-name>
    <contact-name>Jacky</contact-name>
    <phone></phone>
    <fax></fax>
    <address1>222 Hope street NY</address1>
    <address2></address2>
    <country-code>US</country-code>
    <city>New York</city>
    <region>NY</region>
    <postal-code>10001</postal-code>
  </buyer-shipping-address>
  <buyer-billing-address>
    <email>Jacky-bgm8b0kar41@sandbox.google.com</email>
    <company-name></company-name>
    <contact-name>Jacky</contact-name>
    <phone></phone>
    <fax></fax>
    <address1>211 Hope Street NY</address1>
    <address2></address2>
    <country-code>US</country-code>
    <city>New York</city>
    <region>NY</region>
    <postal-code>10001</postal-code>
  </buyer-billing-address>
  <buyer-marketing-preferences>
    <email-allowed>true</email-allowed>
  </buyer-marketing-preferences>
  <order-total currency="USD">10.0</order-total>
  <fulfillment-order-state>NEW</fulfillment-order-state>
  <financial-order-state>REVIEWING</financial-order-state>
</new-order-notification>



Wed Sep 24 23:16:40 CST 2008:- 

Wed Sep 24 23:17:46 CST 2008:- <new-order-notification xmlns="http://checkout.google.com/schema/2" serial-number="404300784657633-00001-7">
  <timestamp>2008-09-24T07:36:42.973Z</timestamp>
  <shopping-cart>
    <items>
      <item>
        <item-name>google product</item-name>
        <item-description></item-description>
        <quantity>1</quantity>
        <unit-price currency="USD">10.0</unit-price>
        <merchant-private-item-data>buyerId=853498,pid=385,deliveryMethod=1,ref_id=300</merchant-private-item-data>
      </item>
    </items>
  </shopping-cart>
  <order-adjustment>
    <merchant-codes />
    <shipping>
      <flat-rate-shipping-adjustment>
        <shipping-name>Shipping Method</shipping-name>
        <shipping-cost currency="USD">0.0</shipping-cost>
      </flat-rate-shipping-adjustment>
    </shipping>
    <total-tax currency="USD">0.0</total-tax>
    <adjustment-total currency="USD">0.0</adjustment-total>
  </order-adjustment>
  <buyer-id>519185130563780</buyer-id>
  <promotions />
  <google-order-number>404300784657633</google-order-number>
  <buyer-shipping-address>
    <email>Jacky-bgm8b0kar41@sandbox.google.com</email>
    <company-name></company-name>
    <contact-name>Jacky</contact-name>
    <phone></phone>
    <fax></fax>
    <address1>222 Hope street NY</address1>
    <address2></address2>
    <country-code>US</country-code>
    <city>New York</city>
    <region>NY</region>
    <postal-code>10001</postal-code>
  </buyer-shipping-address>
  <buyer-billing-address>
    <email>Jacky-bgm8b0kar41@sandbox.google.com</email>
    <company-name></company-name>
    <contact-name>Jacky</contact-name>
    <phone></phone>
    <fax></fax>
    <address1>211 Hope Street NY</address1>
    <address2></address2>
    <country-code>US</country-code>
    <city>New York</city>
    <region>NY</region>
    <postal-code>10001</postal-code>
  </buyer-billing-address>
  <buyer-marketing-preferences>
    <email-allowed>true</email-allowed>
  </buyer-marketing-preferences>
  <order-total currency="USD">10.0</order-total>
  <fulfillment-order-state>NEW</fulfillment-order-state>
  <financial-order-state>REVIEWING</financial-order-state>
</new-order-notification>



Wed Sep 24 23:16:40 CST 2008:- 


Wed Sep 24 23:17:57 CST 2008:- <new-order-notification xmlns="http://checkout.google.com/schema/2" serial-number="404300784657633-00001-7">
  <timestamp>2008-09-24T07:36:42.973Z</timestamp>
  <shopping-cart>
    <items>
      <item>
        <item-name>google product</item-name>
        <item-description></item-description>
        <quantity>1</quantity>
        <unit-price currency="USD">10.0</unit-price>
        <merchant-private-item-data>buyerId=853498,pid=385,deliveryMethod=1,ref_id=300</merchant-private-item-data>
      </item>
    </items>
  </shopping-cart>
  <order-adjustment>
    <merchant-codes />
    <shipping>
      <flat-rate-shipping-adjustment>
        <shipping-name>Shipping Method</shipping-name>
        <shipping-cost currency="USD">0.0</shipping-cost>
      </flat-rate-shipping-adjustment>
    </shipping>
    <total-tax currency="USD">0.0</total-tax>
    <adjustment-total currency="USD">0.0</adjustment-total>
  </order-adjustment>
  <buyer-id>519185130563780</buyer-id>
  <promotions />
  <google-order-number>404300784657633</google-order-number>
  <buyer-shipping-address>
    <email>Jacky-bgm8b0kar41@sandbox.google.com</email>
    <company-name></company-name>
    <contact-name>Jacky</contact-name>
    <phone></phone>
    <fax></fax>
    <address1>222 Hope street NY</address1>
    <address2></address2>
    <country-code>US</country-code>
    <city>New York</city>
    <region>NY</region>
    <postal-code>10001</postal-code>
  </buyer-shipping-address>
  <buyer-billing-address>
    <email>Jacky-bgm8b0kar41@sandbox.google.com</email>
    <company-name></company-name>
    <contact-name>Jacky</contact-name>
    <phone></phone>
    <fax></fax>
    <address1>211 Hope Street NY</address1>
    <address2></address2>
    <country-code>US</country-code>
    <city>New York</city>
    <region>NY</region>
    <postal-code>10001</postal-code>
  </buyer-billing-address>
  <buyer-marketing-preferences>
    <email-allowed>true</email-allowed>
  </buyer-marketing-preferences>
  <order-total currency="USD">10.0</order-total>
  <fulfillment-order-state>NEW</fulfillment-order-state>
  <financial-order-state>REVIEWING</financial-order-state>
</new-order-notification>



Wed Sep 24 23:16:40 CST 2008:- 

Wed Sep 24 23:17:46 CST 2008:- <new-order-notification xmlns="http://checkout.google.com/schema/2" serial-number="404300784657633-00001-7">
  <timestamp>2008-09-24T07:36:42.973Z</timestamp>
  <shopping-cart>
    <items>
      <item>
        <item-name>google product</item-name>
        <item-description></item-description>
        <quantity>1</quantity>
        <unit-price currency="USD">10.0</unit-price>
        <merchant-private-item-data>buyerId=853498,pid=385,deliveryMethod=1,ref_id=300</merchant-private-item-data>
      </item>
    </items>
  </shopping-cart>
  <order-adjustment>
    <merchant-codes />
    <shipping>
      <flat-rate-shipping-adjustment>
        <shipping-name>Shipping Method</shipping-name>
        <shipping-cost currency="USD">0.0</shipping-cost>
      </flat-rate-shipping-adjustment>
    </shipping>
    <total-tax currency="USD">0.0</total-tax>
    <adjustment-total currency="USD">0.0</adjustment-total>
  </order-adjustment>
  <buyer-id>519185130563780</buyer-id>
  <promotions />
  <google-order-number>404300784657633</google-order-number>
  <buyer-shipping-address>
    <email>Jacky-bgm8b0kar41@sandbox.google.com</email>
    <company-name></company-name>
    <contact-name>Jacky</contact-name>
    <phone></phone>
    <fax></fax>
    <address1>222 Hope street NY</address1>
    <address2></address2>
    <country-code>US</country-code>
    <city>New York</city>
    <region>NY</region>
    <postal-code>10001</postal-code>
  </buyer-shipping-address>
  <buyer-billing-address>
    <email>Jacky-bgm8b0kar41@sandbox.google.com</email>
    <company-name></company-name>
    <contact-name>Jacky</contact-name>
    <phone></phone>
    <fax></fax>
    <address1>211 Hope Street NY</address1>
    <address2></address2>
    <country-code>US</country-code>
    <city>New York</city>
    <region>NY</region>
    <postal-code>10001</postal-code>
  </buyer-billing-address>
  <buyer-marketing-preferences>
    <email-allowed>true</email-allowed>
  </buyer-marketing-preferences>
  <order-total currency="USD">10.0</order-total>
  <fulfillment-order-state>NEW</fulfillment-order-state>
  <financial-order-state>REVIEWING</financial-order-state>
</new-order-notification>



Wed Sep 24 23:16:40 CST 2008:- 



Wed Sep 24 23:18:04 CST 2008:- <new-order-notification xmlns="http://checkout.google.com/schema/2" serial-number="404300784657633-00001-7">
  <timestamp>2008-09-24T07:36:42.973Z</timestamp>
  <shopping-cart>
    <items>
      <item>
        <item-name>google product</item-name>
        <item-description></item-description>
        <quantity>1</quantity>
        <unit-price currency="USD">10.0</unit-price>
        <merchant-private-item-data>buyerId=853498,pid=385,deliveryMethod=1,ref_id=300</merchant-private-item-data>
      </item>
    </items>
  </shopping-cart>
  <order-adjustment>
    <merchant-codes />
    <shipping>
      <flat-rate-shipping-adjustment>
        <shipping-name>Shipping Method</shipping-name>
        <shipping-cost currency="USD">0.0</shipping-cost>
      </flat-rate-shipping-adjustment>
    </shipping>
    <total-tax currency="USD">0.0</total-tax>
    <adjustment-total currency="USD">0.0</adjustment-total>
  </order-adjustment>
  <buyer-id>519185130563780</buyer-id>
  <promotions />
  <google-order-number>404300784657633</google-order-number>
  <buyer-shipping-address>
    <email>Jacky-bgm8b0kar41@sandbox.google.com</email>
    <company-name></company-name>
    <contact-name>Jacky</contact-name>
    <phone></phone>
    <fax></fax>
    <address1>222 Hope street NY</address1>
    <address2></address2>
    <country-code>US</country-code>
    <city>New York</city>
    <region>NY</region>
    <postal-code>10001</postal-code>
  </buyer-shipping-address>
  <buyer-billing-address>
    <email>Jacky-bgm8b0kar41@sandbox.google.com</email>
    <company-name></company-name>
    <contact-name>Jacky</contact-name>
    <phone></phone>
    <fax></fax>
    <address1>211 Hope Street NY</address1>
    <address2></address2>
    <country-code>US</country-code>
    <city>New York</city>
    <region>NY</region>
    <postal-code>10001</postal-code>
  </buyer-billing-address>
  <buyer-marketing-preferences>
    <email-allowed>true</email-allowed>
  </buyer-marketing-preferences>
  <order-total currency="USD">10.0</order-total>
  <fulfillment-order-state>NEW</fulfillment-order-state>
  <financial-order-state>REVIEWING</financial-order-state>
</new-order-notification>



Wed Sep 24 23:16:40 CST 2008:- 

Wed Sep 24 23:17:46 CST 2008:- <new-order-notification xmlns="http://checkout.google.com/schema/2" serial-number="404300784657633-00001-7">
  <timestamp>2008-09-24T07:36:42.973Z</timestamp>
  <shopping-cart>
    <items>
      <item>
        <item-name>google product</item-name>
        <item-description></item-description>
        <quantity>1</quantity>
        <unit-price currency="USD">10.0</unit-price>
        <merchant-private-item-data>buyerId=853498,pid=385,deliveryMethod=1,ref_id=300</merchant-private-item-data>
      </item>
    </items>
  </shopping-cart>
  <order-adjustment>
    <merchant-codes />
    <shipping>
      <flat-rate-shipping-adjustment>
        <shipping-name>Shipping Method</shipping-name>
        <shipping-cost currency="USD">0.0</shipping-cost>
      </flat-rate-shipping-adjustment>
    </shipping>
    <total-tax currency="USD">0.0</total-tax>
    <adjustment-total currency="USD">0.0</adjustment-total>
  </order-adjustment>
  <buyer-id>519185130563780</buyer-id>
  <promotions />
  <google-order-number>404300784657633</google-order-number>
  <buyer-shipping-address>
    <email>Jacky-bgm8b0kar41@sandbox.google.com</email>
    <company-name></company-name>
    <contact-name>Jacky</contact-name>
    <phone></phone>
    <fax></fax>
    <address1>222 Hope street NY</address1>
    <address2></address2>
    <country-code>US</country-code>
    <city>New York</city>
    <region>NY</region>
    <postal-code>10001</postal-code>
  </buyer-shipping-address>
  <buyer-billing-address>
    <email>Jacky-bgm8b0kar41@sandbox.google.com</email>
    <company-name></company-name>
    <contact-name>Jacky</contact-name>
    <phone></phone>
    <fax></fax>
    <address1>211 Hope Street NY</address1>
    <address2></address2>
    <country-code>US</country-code>
    <city>New York</city>
    <region>NY</region>
    <postal-code>10001</postal-code>
  </buyer-billing-address>
  <buyer-marketing-preferences>
    <email-allowed>true</email-allowed>
  </buyer-marketing-preferences>
  <order-total currency="USD">10.0</order-total>
  <fulfillment-order-state>NEW</fulfillment-order-state>
  <financial-order-state>REVIEWING</financial-order-state>
</new-order-notification>



Wed Sep 24 23:16:40 CST 2008:- 


Wed Sep 24 23:17:57 CST 2008:- <new-order-notification xmlns="http://checkout.google.com/schema/2" serial-number="404300784657633-00001-7">
  <timestamp>2008-09-24T07:36:42.973Z</timestamp>
  <shopping-cart>
    <items>
      <item>
        <item-name>google product</item-name>
        <item-description></item-description>
        <quantity>1</quantity>
        <unit-price currency="USD">10.0</unit-price>
        <merchant-private-item-data>buyerId=853498,pid=385,deliveryMethod=1,ref_id=300</merchant-private-item-data>
      </item>
    </items>
  </shopping-cart>
  <order-adjustment>
    <merchant-codes />
    <shipping>
      <flat-rate-shipping-adjustment>
        <shipping-name>Shipping Method</shipping-name>
        <shipping-cost currency="USD">0.0</shipping-cost>
      </flat-rate-shipping-adjustment>
    </shipping>
    <total-tax currency="USD">0.0</total-tax>
    <adjustment-total currency="USD">0.0</adjustment-total>
  </order-adjustment>
  <buyer-id>519185130563780</buyer-id>
  <promotions />
  <google-order-number>404300784657633</google-order-number>
  <buyer-shipping-address>
    <email>Jacky-bgm8b0kar41@sandbox.google.com</email>
    <company-name></company-name>
    <contact-name>Jacky</contact-name>
    <phone></phone>
    <fax></fax>
    <address1>222 Hope street NY</address1>
    <address2></address2>
    <country-code>US</country-code>
    <city>New York</city>
    <region>NY</region>
    <postal-code>10001</postal-code>
  </buyer-shipping-address>
  <buyer-billing-address>
    <email>Jacky-bgm8b0kar41@sandbox.google.com</email>
    <company-name></company-name>
    <contact-name>Jacky</contact-name>
    <phone></phone>
    <fax></fax>
    <address1>211 Hope Street NY</address1>
    <address2></address2>
    <country-code>US</country-code>
    <city>New York</city>
    <region>NY</region>
    <postal-code>10001</postal-code>
  </buyer-billing-address>
  <buyer-marketing-preferences>
    <email-allowed>true</email-allowed>
  </buyer-marketing-preferences>
  <order-total currency="USD">10.0</order-total>
  <fulfillment-order-state>NEW</fulfillment-order-state>
  <financial-order-state>REVIEWING</financial-order-state>
</new-order-notification>



Wed Sep 24 23:16:40 CST 2008:- 

Wed Sep 24 23:17:46 CST 2008:- <new-order-notification xmlns="http://checkout.google.com/schema/2" serial-number="404300784657633-00001-7">
  <timestamp>2008-09-24T07:36:42.973Z</timestamp>
  <shopping-cart>
    <items>
      <item>
        <item-name>google product</item-name>
        <item-description></item-description>
        <quantity>1</quantity>
        <unit-price currency="USD">10.0</unit-price>
        <merchant-private-item-data>buyerId=853498,pid=385,deliveryMethod=1,ref_id=300</merchant-private-item-data>
      </item>
    </items>
  </shopping-cart>
  <order-adjustment>
    <merchant-codes />
    <shipping>
      <flat-rate-shipping-adjustment>
        <shipping-name>Shipping Method</shipping-name>
        <shipping-cost currency="USD">0.0</shipping-cost>
      </flat-rate-shipping-adjustment>
    </shipping>
    <total-tax currency="USD">0.0</total-tax>
    <adjustment-total currency="USD">0.0</adjustment-total>
  </order-adjustment>
  <buyer-id>519185130563780</buyer-id>
  <promotions />
  <google-order-number>404300784657633</google-order-number>
  <buyer-shipping-address>
    <email>Jacky-bgm8b0kar41@sandbox.google.com</email>
    <company-name></company-name>
    <contact-name>Jacky</contact-name>
    <phone></phone>
    <fax></fax>
    <address1>222 Hope street NY</address1>
    <address2></address2>
    <country-code>US</country-code>
    <city>New York</city>
    <region>NY</region>
    <postal-code>10001</postal-code>
  </buyer-shipping-address>
  <buyer-billing-address>
    <email>Jacky-bgm8b0kar41@sandbox.google.com</email>
    <company-name></company-name>
    <contact-name>Jacky</contact-name>
    <phone></phone>
    <fax></fax>
    <address1>211 Hope Street NY</address1>
    <address2></address2>
    <country-code>US</country-code>
    <city>New York</city>
    <region>NY</region>
    <postal-code>10001</postal-code>
  </buyer-billing-address>
  <buyer-marketing-preferences>
    <email-allowed>true</email-allowed>
  </buyer-marketing-preferences>
  <order-total currency="USD">10.0</order-total>
  <fulfillment-order-state>NEW</fulfillment-order-state>
  <financial-order-state>REVIEWING</financial-order-state>
</new-order-notification>



Wed Sep 24 23:16:40 CST 2008:- 




Wed Sep 24 23:18:05 CST 2008:- <new-order-notification xmlns="http://checkout.google.com/schema/2" serial-number="404300784657633-00001-7">
  <timestamp>2008-09-24T07:36:42.973Z</timestamp>
  <shopping-cart>
    <items>
      <item>
        <item-name>google product</item-name>
        <item-description></item-description>
        <quantity>1</quantity>
        <unit-price currency="USD">10.0</unit-price>
        <merchant-private-item-data>buyerId=853498,pid=385,deliveryMethod=1,ref_id=300</merchant-private-item-data>
      </item>
    </items>
  </shopping-cart>
  <order-adjustment>
    <merchant-codes />
    <shipping>
      <flat-rate-shipping-adjustment>
        <shipping-name>Shipping Method</shipping-name>
        <shipping-cost currency="USD">0.0</shipping-cost>
      </flat-rate-shipping-adjustment>
    </shipping>
    <total-tax currency="USD">0.0</total-tax>
    <adjustment-total currency="USD">0.0</adjustment-total>
  </order-adjustment>
  <buyer-id>519185130563780</buyer-id>
  <promotions />
  <google-order-number>404300784657633</google-order-number>
  <buyer-shipping-address>
    <email>Jacky-bgm8b0kar41@sandbox.google.com</email>
    <company-name></company-name>
    <contact-name>Jacky</contact-name>
    <phone></phone>
    <fax></fax>
    <address1>222 Hope street NY</address1>
    <address2></address2>
    <country-code>US</country-code>
    <city>New York</city>
    <region>NY</region>
    <postal-code>10001</postal-code>
  </buyer-shipping-address>
  <buyer-billing-address>
    <email>Jacky-bgm8b0kar41@sandbox.google.com</email>
    <company-name></company-name>
    <contact-name>Jacky</contact-name>
    <phone></phone>
    <fax></fax>
    <address1>211 Hope Street NY</address1>
    <address2></address2>
    <country-code>US</country-code>
    <city>New York</city>
    <region>NY</region>
    <postal-code>10001</postal-code>
  </buyer-billing-address>
  <buyer-marketing-preferences>
    <email-allowed>true</email-allowed>
  </buyer-marketing-preferences>
  <order-total currency="USD">10.0</order-total>
  <fulfillment-order-state>NEW</fulfillment-order-state>
  <financial-order-state>REVIEWING</financial-order-state>
</new-order-notification>



Wed Sep 24 23:16:40 CST 2008:- 

Wed Sep 24 23:17:46 CST 2008:- <new-order-notification xmlns="http://checkout.google.com/schema/2" serial-number="404300784657633-00001-7">
  <timestamp>2008-09-24T07:36:42.973Z</timestamp>
  <shopping-cart>
    <items>
      <item>
        <item-name>google product</item-name>
        <item-description></item-description>
        <quantity>1</quantity>
        <unit-price currency="USD">10.0</unit-price>
        <merchant-private-item-data>buyerId=853498,pid=385,deliveryMethod=1,ref_id=300</merchant-private-item-data>
      </item>
    </items>
  </shopping-cart>
  <order-adjustment>
    <merchant-codes />
    <shipping>
      <flat-rate-shipping-adjustment>
        <shipping-name>Shipping Method</shipping-name>
        <shipping-cost currency="USD">0.0</shipping-cost>
      </flat-rate-shipping-adjustment>
    </shipping>
    <total-tax currency="USD">0.0</total-tax>
    <adjustment-total currency="USD">0.0</adjustment-total>
  </order-adjustment>
  <buyer-id>519185130563780</buyer-id>
  <promotions />
  <google-order-number>404300784657633</google-order-number>
  <buyer-shipping-address>
    <email>Jacky-bgm8b0kar41@sandbox.google.com</email>
    <company-name></company-name>
    <contact-name>Jacky</contact-name>
    <phone></phone>
    <fax></fax>
    <address1>222 Hope street NY</address1>
    <address2></address2>
    <country-code>US</country-code>
    <city>New York</city>
    <region>NY</region>
    <postal-code>10001</postal-code>
  </buyer-shipping-address>
  <buyer-billing-address>
    <email>Jacky-bgm8b0kar41@sandbox.google.com</email>
    <company-name></company-name>
    <contact-name>Jacky</contact-name>
    <phone></phone>
    <fax></fax>
    <address1>211 Hope Street NY</address1>
    <address2></address2>
    <country-code>US</country-code>
    <city>New York</city>
    <region>NY</region>
    <postal-code>10001</postal-code>
  </buyer-billing-address>
  <buyer-marketing-preferences>
    <email-allowed>true</email-allowed>
  </buyer-marketing-preferences>
  <order-total currency="USD">10.0</order-total>
  <fulfillment-order-state>NEW</fulfillment-order-state>
  <financial-order-state>REVIEWING</financial-order-state>
</new-order-notification>



Wed Sep 24 23:16:40 CST 2008:- 


Wed Sep 24 23:17:57 CST 2008:- <new-order-notification xmlns="http://checkout.google.com/schema/2" serial-number="404300784657633-00001-7">
  <timestamp>2008-09-24T07:36:42.973Z</timestamp>
  <shopping-cart>
    <items>
      <item>
        <item-name>google product</item-name>
        <item-description></item-description>
        <quantity>1</quantity>
        <unit-price currency="USD">10.0</unit-price>
        <merchant-private-item-data>buyerId=853498,pid=385,deliveryMethod=1,ref_id=300</merchant-private-item-data>
      </item>
    </items>
  </shopping-cart>
  <order-adjustment>
    <merchant-codes />
    <shipping>
      <flat-rate-shipping-adjustment>
        <shipping-name>Shipping Method</shipping-name>
        <shipping-cost currency="USD">0.0</shipping-cost>
      </flat-rate-shipping-adjustment>
    </shipping>
    <total-tax currency="USD">0.0</total-tax>
    <adjustment-total currency="USD">0.0</adjustment-total>
  </order-adjustment>
  <buyer-id>519185130563780</buyer-id>
  <promotions />
  <google-order-number>404300784657633</google-order-number>
  <buyer-shipping-address>
    <email>Jacky-bgm8b0kar41@sandbox.google.com</email>
    <company-name></company-name>
    <contact-name>Jacky</contact-name>
    <phone></phone>
    <fax></fax>
    <address1>222 Hope street NY</address1>
    <address2></address2>
    <country-code>US</country-code>
    <city>New York</city>
    <region>NY</region>
    <postal-code>10001</postal-code>
  </buyer-shipping-address>
  <buyer-billing-address>
    <email>Jacky-bgm8b0kar41@sandbox.google.com</email>
    <company-name></company-name>
    <contact-name>Jacky</contact-name>
    <phone></phone>
    <fax></fax>
    <address1>211 Hope Street NY</address1>
    <address2></address2>
    <country-code>US</country-code>
    <city>New York</city>
    <region>NY</region>
    <postal-code>10001</postal-code>
  </buyer-billing-address>
  <buyer-marketing-preferences>
    <email-allowed>true</email-allowed>
  </buyer-marketing-preferences>
  <order-total currency="USD">10.0</order-total>
  <fulfillment-order-state>NEW</fulfillment-order-state>
  <financial-order-state>REVIEWING</financial-order-state>
</new-order-notification>



Wed Sep 24 23:16:40 CST 2008:- 

Wed Sep 24 23:17:46 CST 2008:- <new-order-notification xmlns="http://checkout.google.com/schema/2" serial-number="404300784657633-00001-7">
  <timestamp>2008-09-24T07:36:42.973Z</timestamp>
  <shopping-cart>
    <items>
      <item>
        <item-name>google product</item-name>
        <item-description></item-description>
        <quantity>1</quantity>
        <unit-price currency="USD">10.0</unit-price>
        <merchant-private-item-data>buyerId=853498,pid=385,deliveryMethod=1,ref_id=300</merchant-private-item-data>
      </item>
    </items>
  </shopping-cart>
  <order-adjustment>
    <merchant-codes />
    <shipping>
      <flat-rate-shipping-adjustment>
        <shipping-name>Shipping Method</shipping-name>
        <shipping-cost currency="USD">0.0</shipping-cost>
      </flat-rate-shipping-adjustment>
    </shipping>
    <total-tax currency="USD">0.0</total-tax>
    <adjustment-total currency="USD">0.0</adjustment-total>
  </order-adjustment>
  <buyer-id>519185130563780</buyer-id>
  <promotions />
  <google-order-number>404300784657633</google-order-number>
  <buyer-shipping-address>
    <email>Jacky-bgm8b0kar41@sandbox.google.com</email>
    <company-name></company-name>
    <contact-name>Jacky</contact-name>
    <phone></phone>
    <fax></fax>
    <address1>222 Hope street NY</address1>
    <address2></address2>
    <country-code>US</country-code>
    <city>New York</city>
    <region>NY</region>
    <postal-code>10001</postal-code>
  </buyer-shipping-address>
  <buyer-billing-address>
    <email>Jacky-bgm8b0kar41@sandbox.google.com</email>
    <company-name></company-name>
    <contact-name>Jacky</contact-name>
    <phone></phone>
    <fax></fax>
    <address1>211 Hope Street NY</address1>
    <address2></address2>
    <country-code>US</country-code>
    <city>New York</city>
    <region>NY</region>
    <postal-code>10001</postal-code>
  </buyer-billing-address>
  <buyer-marketing-preferences>
    <email-allowed>true</email-allowed>
  </buyer-marketing-preferences>
  <order-total currency="USD">10.0</order-total>
  <fulfillment-order-state>NEW</fulfillment-order-state>
  <financial-order-state>REVIEWING</financial-order-state>
</new-order-notification>



Wed Sep 24 23:16:40 CST 2008:- 



Wed Sep 24 23:18:04 CST 2008:- <new-order-notification xmlns="http://checkout.google.com/schema/2" serial-number="404300784657633-00001-7">
  <timestamp>2008-09-24T07:36:42.973Z</timestamp>
  <shopping-cart>
    <items>
      <item>
        <item-name>google product</item-name>
        <item-description></item-description>
        <quantity>1</quantity>
        <unit-price currency="USD">10.0</unit-price>
        <merchant-private-item-data>buyerId=853498,pid=385,deliveryMethod=1,ref_id=300</merchant-private-item-data>
      </item>
    </items>
  </shopping-cart>
  <order-adjustment>
    <merchant-codes />
    <shipping>
      <flat-rate-shipping-adjustment>
        <shipping-name>Shipping Method</shipping-name>
        <shipping-cost currency="USD">0.0</shipping-cost>
      </flat-rate-shipping-adjustment>
    </shipping>
    <total-tax currency="USD">0.0</total-tax>
    <adjustment-total currency="USD">0.0</adjustment-total>
  </order-adjustment>
  <buyer-id>519185130563780</buyer-id>
  <promotions />
  <google-order-number>404300784657633</google-order-number>
  <buyer-shipping-address>
    <email>Jacky-bgm8b0kar41@sandbox.google.com</email>
    <company-name></company-name>
    <contact-name>Jacky</contact-name>
    <phone></phone>
    <fax></fax>
    <address1>222 Hope street NY</address1>
    <address2></address2>
    <country-code>US</country-code>
    <city>New York</city>
    <region>NY</region>
    <postal-code>10001</postal-code>
  </buyer-shipping-address>
  <buyer-billing-address>
    <email>Jacky-bgm8b0kar41@sandbox.google.com</email>
    <company-name></company-name>
    <contact-name>Jacky</contact-name>
    <phone></phone>
    <fax></fax>
    <address1>211 Hope Street NY</address1>
    <address2></address2>
    <country-code>US</country-code>
    <city>New York</city>
    <region>NY</region>
    <postal-code>10001</postal-code>
  </buyer-billing-address>
  <buyer-marketing-preferences>
    <email-allowed>true</email-allowed>
  </buyer-marketing-preferences>
  <order-total currency="USD">10.0</order-total>
  <fulfillment-order-state>NEW</fulfillment-order-state>
  <financial-order-state>REVIEWING</financial-order-state>
</new-order-notification>



Wed Sep 24 23:16:40 CST 2008:- 

Wed Sep 24 23:17:46 CST 2008:- <new-order-notification xmlns="http://checkout.google.com/schema/2" serial-number="404300784657633-00001-7">
  <timestamp>2008-09-24T07:36:42.973Z</timestamp>
  <shopping-cart>
    <items>
      <item>
        <item-name>google product</item-name>
        <item-description></item-description>
        <quantity>1</quantity>
        <unit-price currency="USD">10.0</unit-price>
        <merchant-private-item-data>buyerId=853498,pid=385,deliveryMethod=1,ref_id=300</merchant-private-item-data>
      </item>
    </items>
  </shopping-cart>
  <order-adjustment>
    <merchant-codes />
    <shipping>
      <flat-rate-shipping-adjustment>
        <shipping-name>Shipping Method</shipping-name>
        <shipping-cost currency="USD">0.0</shipping-cost>
      </flat-rate-shipping-adjustment>
    </shipping>
    <total-tax currency="USD">0.0</total-tax>
    <adjustment-total currency="USD">0.0</adjustment-total>
  </order-adjustment>
  <buyer-id>519185130563780</buyer-id>
  <promotions />
  <google-order-number>404300784657633</google-order-number>
  <buyer-shipping-address>
    <email>Jacky-bgm8b0kar41@sandbox.google.com</email>
    <company-name></company-name>
    <contact-name>Jacky</contact-name>
    <phone></phone>
    <fax></fax>
    <address1>222 Hope street NY</address1>
    <address2></address2>
    <country-code>US</country-code>
    <city>New York</city>
    <region>NY</region>
    <postal-code>10001</postal-code>
  </buyer-shipping-address>
  <buyer-billing-address>
    <email>Jacky-bgm8b0kar41@sandbox.google.com</email>
    <company-name></company-name>
    <contact-name>Jacky</contact-name>
    <phone></phone>
    <fax></fax>
    <address1>211 Hope Street NY</address1>
    <address2></address2>
    <country-code>US</country-code>
    <city>New York</city>
    <region>NY</region>
    <postal-code>10001</postal-code>
  </buyer-billing-address>
  <buyer-marketing-preferences>
    <email-allowed>true</email-allowed>
  </buyer-marketing-preferences>
  <order-total currency="USD">10.0</order-total>
  <fulfillment-order-state>NEW</fulfillment-order-state>
  <financial-order-state>REVIEWING</financial-order-state>
</new-order-notification>



Wed Sep 24 23:16:40 CST 2008:- 


Wed Sep 24 23:17:57 CST 2008:- <new-order-notification xmlns="http://checkout.google.com/schema/2" serial-number="404300784657633-00001-7">
  <timestamp>2008-09-24T07:36:42.973Z</timestamp>
  <shopping-cart>
    <items>
      <item>
        <item-name>google product</item-name>
        <item-description></item-description>
        <quantity>1</quantity>
        <unit-price currency="USD">10.0</unit-price>
        <merchant-private-item-data>buyerId=853498,pid=385,deliveryMethod=1,ref_id=300</merchant-private-item-data>
      </item>
    </items>
  </shopping-cart>
  <order-adjustment>
    <merchant-codes />
    <shipping>
      <flat-rate-shipping-adjustment>
        <shipping-name>Shipping Method</shipping-name>
        <shipping-cost currency="USD">0.0</shipping-cost>
      </flat-rate-shipping-adjustment>
    </shipping>
    <total-tax currency="USD">0.0</total-tax>
    <adjustment-total currency="USD">0.0</adjustment-total>
  </order-adjustment>
  <buyer-id>519185130563780</buyer-id>
  <promotions />
  <google-order-number>404300784657633</google-order-number>
  <buyer-shipping-address>
    <email>Jacky-bgm8b0kar41@sandbox.google.com</email>
    <company-name></company-name>
    <contact-name>Jacky</contact-name>
    <phone></phone>
    <fax></fax>
    <address1>222 Hope street NY</address1>
    <address2></address2>
    <country-code>US</country-code>
    <city>New York</city>
    <region>NY</region>
    <postal-code>10001</postal-code>
  </buyer-shipping-address>
  <buyer-billing-address>
    <email>Jacky-bgm8b0kar41@sandbox.google.com</email>
    <company-name></company-name>
    <contact-name>Jacky</contact-name>
    <phone></phone>
    <fax></fax>
    <address1>211 Hope Street NY</address1>
    <address2></address2>
    <country-code>US</country-code>
    <city>New York</city>
    <region>NY</region>
    <postal-code>10001</postal-code>
  </buyer-billing-address>
  <buyer-marketing-preferences>
    <email-allowed>true</email-allowed>
  </buyer-marketing-preferences>
  <order-total currency="USD">10.0</order-total>
  <fulfillment-order-state>NEW</fulfillment-order-state>
  <financial-order-state>REVIEWING</financial-order-state>
</new-order-notification>



Wed Sep 24 23:16:40 CST 2008:- 

Wed Sep 24 23:17:46 CST 2008:- <new-order-notification xmlns="http://checkout.google.com/schema/2" serial-number="404300784657633-00001-7">
  <timestamp>2008-09-24T07:36:42.973Z</timestamp>
  <shopping-cart>
    <items>
      <item>
        <item-name>google product</item-name>
        <item-description></item-description>
        <quantity>1</quantity>
        <unit-price currency="USD">10.0</unit-price>
        <merchant-private-item-data>buyerId=853498,pid=385,deliveryMethod=1,ref_id=300</merchant-private-item-data>
      </item>
    </items>
  </shopping-cart>
  <order-adjustment>
    <merchant-codes />
    <shipping>
      <flat-rate-shipping-adjustment>
        <shipping-name>Shipping Method</shipping-name>
        <shipping-cost currency="USD">0.0</shipping-cost>
      </flat-rate-shipping-adjustment>
    </shipping>
    <total-tax currency="USD">0.0</total-tax>
    <adjustment-total currency="USD">0.0</adjustment-total>
  </order-adjustment>
  <buyer-id>519185130563780</buyer-id>
  <promotions />
  <google-order-number>404300784657633</google-order-number>
  <buyer-shipping-address>
    <email>Jacky-bgm8b0kar41@sandbox.google.com</email>
    <company-name></company-name>
    <contact-name>Jacky</contact-name>
    <phone></phone>
    <fax></fax>
    <address1>222 Hope street NY</address1>
    <address2></address2>
    <country-code>US</country-code>
    <city>New York</city>
    <region>NY</region>
    <postal-code>10001</postal-code>
  </buyer-shipping-address>
  <buyer-billing-address>
    <email>Jacky-bgm8b0kar41@sandbox.google.com</email>
    <company-name></company-name>
    <contact-name>Jacky</contact-name>
    <phone></phone>
    <fax></fax>
    <address1>211 Hope Street NY</address1>
    <address2></address2>
    <country-code>US</country-code>
    <city>New York</city>
    <region>NY</region>
    <postal-code>10001</postal-code>
  </buyer-billing-address>
  <buyer-marketing-preferences>
    <email-allowed>true</email-allowed>
  </buyer-marketing-preferences>
  <order-total currency="USD">10.0</order-total>
  <fulfillment-order-state>NEW</fulfillment-order-state>
  <financial-order-state>REVIEWING</financial-order-state>
</new-order-notification>



Wed Sep 24 23:16:40 CST 2008:- 





